<?xml version="1.0" encoding="UTF-8"?>
<testsuite name="com.example.ControllerTest" tests="6" skipped="0" failures="0" errors="0" timestamp="2017-04-03T17:50:26" hostname="trainer18s-MacBook-Pro.local" time="0.151">
  <properties/>
  <testcase name="testSed" classname="com.example.ControllerTest" time="0.114"/>
  <testcase name="testRedactTwoBadWords" classname="com.example.ControllerTest" time="0.01"/>
  <testcase name="testRedactOneBadWord" classname="com.example.ControllerTest" time="0.004"/>
  <testcase name="testCamelize" classname="com.example.ControllerTest" time="0.01"/>
  <testcase name="testEncode" classname="com.example.ControllerTest" time="0.005"/>
  <testcase name="testCamelizeDefaultInitialCapVal" classname="com.example.ControllerTest" time="0.004"/>
  <system-out><![CDATA[11:50:14.223 [Test worker] DEBUG org.springframework.test.context.junit4.SpringJUnit4ClassRunner - SpringJUnit4ClassRunner constructor called with [class com.example.ControllerTest]
11:50:14.230 [Test worker] DEBUG org.springframework.test.context.BootstrapUtils - Instantiating CacheAwareContextLoaderDelegate from class [org.springframework.test.context.cache.DefaultCacheAwareContextLoaderDelegate]
11:50:14.242 [Test worker] DEBUG org.springframework.test.context.BootstrapUtils - Instantiating BootstrapContext using constructor [public org.springframework.test.context.support.DefaultBootstrapContext(java.lang.Class,org.springframework.test.context.CacheAwareContextLoaderDelegate)]
11:50:14.270 [Test worker] DEBUG org.springframework.test.context.BootstrapUtils - Instantiating TestContextBootstrapper for test class [com.example.ControllerTest] from class [org.springframework.boot.test.autoconfigure.web.servlet.WebMvcTestContextBootstrapper]
11:50:14.300 [Test worker] INFO org.springframework.boot.test.autoconfigure.web.servlet.WebMvcTestContextBootstrapper - Neither @ContextConfiguration nor @ContextHierarchy found for test class [com.example.ControllerTest], using SpringBootContextLoader
11:50:14.307 [Test worker] DEBUG org.springframework.test.context.support.AbstractContextLoader - Did not detect default resource location for test class [com.example.ControllerTest]: class path resource [com/example/ControllerTest-context.xml] does not exist
11:50:14.307 [Test worker] DEBUG org.springframework.test.context.support.AbstractContextLoader - Did not detect default resource location for test class [com.example.ControllerTest]: class path resource [com/example/ControllerTestContext.groovy] does not exist
11:50:14.307 [Test worker] INFO org.springframework.test.context.support.AbstractContextLoader - Could not detect default resource locations for test class [com.example.ControllerTest]: no resource found for suffixes {-context.xml, Context.groovy}.
11:50:14.308 [Test worker] INFO org.springframework.test.context.support.AnnotationConfigContextLoaderUtils - Could not detect default configuration classes for test class [com.example.ControllerTest]: ControllerTest does not declare any static, non-private, non-final, nested classes annotated with @Configuration.
11:50:14.367 [Test worker] DEBUG org.springframework.test.context.support.ActiveProfilesUtils - Could not find an 'annotation declaring class' for annotation type [org.springframework.test.context.ActiveProfiles] and class [com.example.ControllerTest]
11:50:14.422 [Test worker] DEBUG org.springframework.core.env.StandardEnvironment - Adding [systemProperties] PropertySource with lowest search precedence
11:50:14.422 [Test worker] DEBUG org.springframework.core.env.StandardEnvironment - Adding [systemEnvironment] PropertySource with lowest search precedence
11:50:14.422 [Test worker] DEBUG org.springframework.core.env.StandardEnvironment - Initialized StandardEnvironment with PropertySources [systemProperties,systemEnvironment]
11:50:14.435 [Test worker] DEBUG org.springframework.core.io.support.PathMatchingResourcePatternResolver - Resolved classpath location [com/example/] to resources [URL [file:/Users/trainer18/Documents/git/endpoints-assessment/build/classes/test/com/example/], URL [file:/Users/trainer18/Documents/git/endpoints-assessment/build/classes/main/com/example/]]
11:50:14.435 [Test worker] DEBUG org.springframework.core.io.support.PathMatchingResourcePatternResolver - Looking for matching resources in directory tree [/Users/trainer18/Documents/git/endpoints-assessment/build/classes/test/com/example]
11:50:14.435 [Test worker] DEBUG org.springframework.core.io.support.PathMatchingResourcePatternResolver - Searching directory [/Users/trainer18/Documents/git/endpoints-assessment/build/classes/test/com/example] for files matching pattern [/Users/trainer18/Documents/git/endpoints-assessment/build/classes/test/com/example/*.class]
11:50:14.438 [Test worker] DEBUG org.springframework.core.io.support.PathMatchingResourcePatternResolver - Looking for matching resources in directory tree [/Users/trainer18/Documents/git/endpoints-assessment/build/classes/main/com/example]
11:50:14.438 [Test worker] DEBUG org.springframework.core.io.support.PathMatchingResourcePatternResolver - Searching directory [/Users/trainer18/Documents/git/endpoints-assessment/build/classes/main/com/example] for files matching pattern [/Users/trainer18/Documents/git/endpoints-assessment/build/classes/main/com/example/*.class]
11:50:14.439 [Test worker] DEBUG org.springframework.core.io.support.PathMatchingResourcePatternResolver - Resolved location pattern [classpath*:com/example/*.class] to resources [file [/Users/trainer18/Documents/git/endpoints-assessment/build/classes/test/com/example/ControllerTest.class], file [/Users/trainer18/Documents/git/endpoints-assessment/build/classes/main/com/example/Application.class], file [/Users/trainer18/Documents/git/endpoints-assessment/build/classes/main/com/example/EndpointsController.class]]
11:50:14.491 [Test worker] DEBUG org.springframework.context.annotation.ClassPathScanningCandidateComponentProvider - Identified candidate component class: file [/Users/trainer18/Documents/git/endpoints-assessment/build/classes/main/com/example/Application.class]
11:50:14.506 [Test worker] INFO org.springframework.boot.test.context.SpringBootTestContextBootstrapper - Found @SpringBootConfiguration com.example.Application for test class com.example.ControllerTest
11:50:14.510 [Test worker] DEBUG org.springframework.boot.test.autoconfigure.web.servlet.WebMvcTestContextBootstrapper - @TestExecutionListeners is not present for class [com.example.ControllerTest]: using defaults.
11:50:14.515 [Test worker] INFO org.springframework.boot.test.autoconfigure.web.servlet.WebMvcTestContextBootstrapper - Loaded default TestExecutionListener class names from location [META-INF/spring.factories]: [org.springframework.boot.test.mock.mockito.MockitoTestExecutionListener, org.springframework.boot.test.mock.mockito.ResetMocksTestExecutionListener, org.springframework.boot.test.autoconfigure.restdocs.RestDocsTestExecutionListener, org.springframework.boot.test.autoconfigure.web.client.MockRestServiceServerResetTestExecutionListener, org.springframework.boot.test.autoconfigure.web.servlet.MockMvcPrintOnlyOnFailureTestExecutionListener, org.springframework.boot.test.autoconfigure.web.servlet.WebDriverTestExecutionListener, org.springframework.test.context.web.ServletTestExecutionListener, org.springframework.test.context.support.DirtiesContextBeforeModesTestExecutionListener, org.springframework.test.context.support.DependencyInjectionTestExecutionListener, org.springframework.test.context.support.DirtiesContextTestExecutionListener, org.springframework.test.context.transaction.TransactionalTestExecutionListener, org.springframework.test.context.jdbc.SqlScriptsTestExecutionListener]
11:50:14.528 [Test worker] INFO org.springframework.boot.test.autoconfigure.web.servlet.WebMvcTestContextBootstrapper - Could not instantiate TestExecutionListener [org.springframework.test.context.transaction.TransactionalTestExecutionListener]. Specify custom listener classes or make the default listener classes (and their required dependencies) available. Offending class: [org/springframework/transaction/interceptor/TransactionAttributeSource]
11:50:14.529 [Test worker] INFO org.springframework.boot.test.autoconfigure.web.servlet.WebMvcTestContextBootstrapper - Could not instantiate TestExecutionListener [org.springframework.test.context.jdbc.SqlScriptsTestExecutionListener]. Specify custom listener classes or make the default listener classes (and their required dependencies) available. Offending class: [org/springframework/transaction/interceptor/TransactionAttribute]
11:50:14.532 [Test worker] INFO org.springframework.boot.test.autoconfigure.web.servlet.WebMvcTestContextBootstrapper - Using TestExecutionListeners: [org.springframework.test.context.web.ServletTestExecutionListener@49500c, org.springframework.test.context.support.DirtiesContextBeforeModesTestExecutionListener@76400315, org.springframework.boot.test.autoconfigure.SpringBootDependencyInjectionTestExecutionListener@22f0cb70, org.springframework.test.context.support.DirtiesContextTestExecutionListener@af0a43c, org.springframework.boot.test.autoconfigure.web.client.MockRestServiceServerResetTestExecutionListener@40f35c5e, org.springframework.boot.test.mock.mockito.ResetMocksTestExecutionListener@365db7fe, org.springframework.boot.test.autoconfigure.web.servlet.WebDriverTestExecutionListener@12d2510e, org.springframework.boot.test.autoconfigure.restdocs.RestDocsTestExecutionListener@1d8cc62c, org.springframework.boot.test.autoconfigure.web.servlet.MockMvcPrintOnlyOnFailureTestExecutionListener@47c7686f, org.springframework.boot.test.mock.mockito.MockitoTestExecutionListener@1cfed52e]
11:50:14.536 [Test worker] DEBUG org.springframework.test.annotation.ProfileValueUtils - Retrieved @ProfileValueSourceConfiguration [null] for test class [com.example.ControllerTest]
11:50:14.543 [Test worker] DEBUG org.springframework.test.annotation.ProfileValueUtils - Retrieved ProfileValueSource type [class org.springframework.test.annotation.SystemProfileValueSource] for class [com.example.ControllerTest]
11:50:14.545 [Test worker] DEBUG org.springframework.test.annotation.ProfileValueUtils - Retrieved @ProfileValueSourceConfiguration [null] for test class [com.example.ControllerTest]
11:50:14.545 [Test worker] DEBUG org.springframework.test.annotation.ProfileValueUtils - Retrieved ProfileValueSource type [class org.springframework.test.annotation.SystemProfileValueSource] for class [com.example.ControllerTest]
11:50:14.551 [Test worker] DEBUG org.springframework.test.context.support.AbstractDirtiesContextTestExecutionListener - Before test class: context [DefaultTestContext@3ca7d6a testClass = ControllerTest, testInstance = [null], testMethod = [null], testException = [null], mergedContextConfiguration = [WebMergedContextConfiguration@232d6e50 testClass = ControllerTest, locations = '{}', classes = '{class com.example.Application}', contextInitializerClasses = '[]', activeProfiles = '{}', propertySourceLocations = '{}', propertySourceProperties = '{org.springframework.boot.test.autoconfigure.web.servlet.WebMvcTestContextBootstrapper=true}', contextCustomizers = set[org.springframework.boot.test.context.ImportsContextCustomizer@7f0cd668, org.springframework.boot.test.context.filter.ExcludeFilterContextCustomizer@13c7e33d, org.springframework.boot.test.mock.mockito.MockitoContextCustomizer@0, org.springframework.boot.test.autoconfigure.OverrideAutoConfigurationContextCustomizerFactory$DisableAutoConfigurationContextCustomizer@6f65e32a, org.springframework.boot.test.autoconfigure.filter.TypeExcludeFiltersContextCustomizer@1f29f46e, org.springframework.boot.test.autoconfigure.properties.PropertyMappingContextCustomizer@a696ab21, org.springframework.boot.test.autoconfigure.web.servlet.WebDriverContextCustomizerFactory$Customizer@57e4e0c1], resourceBasePath = '', contextLoader = 'org.springframework.boot.test.context.SpringBootContextLoader', parent = [null]]], class annotated with @DirtiesContext [false] with mode [null].
11:50:14.552 [Test worker] DEBUG org.springframework.test.annotation.ProfileValueUtils - Retrieved @ProfileValueSourceConfiguration [null] for test class [com.example.ControllerTest]
11:50:14.552 [Test worker] DEBUG org.springframework.test.annotation.ProfileValueUtils - Retrieved ProfileValueSource type [class org.springframework.test.annotation.SystemProfileValueSource] for class [com.example.ControllerTest]
11:50:14.554 [Test worker] DEBUG org.springframework.test.context.support.DependencyInjectionTestExecutionListener - Performing dependency injection for test context [[DefaultTestContext@3ca7d6a testClass = ControllerTest, testInstance = com.example.ControllerTest@556b8b53, testMethod = [null], testException = [null], mergedContextConfiguration = [WebMergedContextConfiguration@232d6e50 testClass = ControllerTest, locations = '{}', classes = '{class com.example.Application}', contextInitializerClasses = '[]', activeProfiles = '{}', propertySourceLocations = '{}', propertySourceProperties = '{org.springframework.boot.test.autoconfigure.web.servlet.WebMvcTestContextBootstrapper=true}', contextCustomizers = set[org.springframework.boot.test.context.ImportsContextCustomizer@7f0cd668, org.springframework.boot.test.context.filter.ExcludeFilterContextCustomizer@13c7e33d, org.springframework.boot.test.mock.mockito.MockitoContextCustomizer@0, org.springframework.boot.test.autoconfigure.OverrideAutoConfigurationContextCustomizerFactory$DisableAutoConfigurationContextCustomizer@6f65e32a, org.springframework.boot.test.autoconfigure.filter.TypeExcludeFiltersContextCustomizer@1f29f46e, org.springframework.boot.test.autoconfigure.properties.PropertyMappingContextCustomizer@a696ab21, org.springframework.boot.test.autoconfigure.web.servlet.WebDriverContextCustomizerFactory$Customizer@57e4e0c1], resourceBasePath = '', contextLoader = 'org.springframework.boot.test.context.SpringBootContextLoader', parent = [null]]]].
11:50:14.586 [Test worker] DEBUG org.springframework.core.env.StandardEnvironment - Adding [systemProperties] PropertySource with lowest search precedence
11:50:14.586 [Test worker] DEBUG org.springframework.core.env.StandardEnvironment - Adding [systemEnvironment] PropertySource with lowest search precedence
11:50:14.586 [Test worker] DEBUG org.springframework.core.env.StandardEnvironment - Initialized StandardEnvironment with PropertySources [systemProperties,systemEnvironment]
11:50:14.588 [Test worker] DEBUG org.springframework.test.context.support.TestPropertySourceUtils - Adding inlined properties to environment: {spring.jmx.enabled=false, org.springframework.boot.test.autoconfigure.web.servlet.WebMvcTestContextBootstrapper=true, server.port=-1}
11:50:14.588 [Test worker] DEBUG org.springframework.core.env.StandardEnvironment - Adding [Inlined Test Properties] PropertySource with highest search precedence

  .   ____          _            __ _ _
 /\\ / ___'_ __ _ _(_)_ __  __ _ \ \ \ \
( ( )\___ | '_ | '_| | '_ \/ _` | \ \ \ \
 \\/  ___)| |_)| | | | | || (_| |  ) ) ) )
  '  |____| .__|_| |_|_| |_\__, | / / / /
 =========|_|==============|___/=/_/_/_/
 :: Spring Boot ::        (v1.4.2.RELEASE)

2017-04-03 11:50:25.166  INFO 3574 --- [    Test worker] com.example.ControllerTest               : Starting ControllerTest on trainer18s-MacBook-Pro.local with PID 3574 (started by trainer18 in /Users/trainer18/Documents/git/endpoints-assessment)
2017-04-03 11:50:25.167  INFO 3574 --- [    Test worker] com.example.ControllerTest               : No active profile set, falling back to default profiles: default
2017-04-03 11:50:25.190  INFO 3574 --- [    Test worker] o.s.w.c.s.GenericWebApplicationContext   : Refreshing org.springframework.web.context.support.GenericWebApplicationContext@5d1ce1e3: startup date [Mon Apr 03 11:50:25 MDT 2017]; root of context hierarchy
2017-04-03 11:50:26.146  INFO 3574 --- [    Test worker] s.w.s.m.m.a.RequestMappingHandlerAdapter : Looking for @ControllerAdvice: org.springframework.web.context.support.GenericWebApplicationContext@5d1ce1e3: startup date [Mon Apr 03 11:50:25 MDT 2017]; root of context hierarchy
2017-04-03 11:50:26.227  INFO 3574 --- [    Test worker] s.w.s.m.m.a.RequestMappingHandlerMapping : Mapped "{[/encode],methods=[POST],consumes=[application/x-www-form-urlencoded]}" onto public java.lang.String com.example.EndpointsController.encode(com.example.model.Encode)
2017-04-03 11:50:26.228  INFO 3574 --- [    Test worker] s.w.s.m.m.a.RequestMappingHandlerMapping : Mapped "{[/redact],methods=[GET]}" onto public java.lang.String com.example.EndpointsController.redact(org.springframework.util.MultiValueMap<java.lang.String, java.lang.String>)
2017-04-03 11:50:26.228  INFO 3574 --- [    Test worker] s.w.s.m.m.a.RequestMappingHandlerMapping : Mapped "{[/camelize],methods=[GET]}" onto public java.lang.String com.example.EndpointsController.camelize(com.example.model.Camelize)
2017-04-03 11:50:26.229  INFO 3574 --- [    Test worker] s.w.s.m.m.a.RequestMappingHandlerMapping : Mapped "{[/s/{find}/{replace}],methods=[POST]}" onto public java.lang.String com.example.EndpointsController.sed(java.lang.String,java.lang.String,java.lang.String)
2017-04-03 11:50:26.256  INFO 3574 --- [    Test worker] o.s.w.s.handler.SimpleUrlHandlerMapping  : Mapped URL path [/webjars/**] onto handler of type [class org.springframework.web.servlet.resource.ResourceHttpRequestHandler]
2017-04-03 11:50:26.257  INFO 3574 --- [    Test worker] o.s.w.s.handler.SimpleUrlHandlerMapping  : Mapped URL path [/**] onto handler of type [class org.springframework.web.servlet.resource.ResourceHttpRequestHandler]
2017-04-03 11:50:26.292  INFO 3574 --- [    Test worker] o.s.w.s.handler.SimpleUrlHandlerMapping  : Mapped URL path [/**/favicon.ico] onto handler of type [class org.springframework.web.servlet.resource.ResourceHttpRequestHandler]
2017-04-03 11:50:26.409  INFO 3574 --- [    Test worker] o.s.b.t.m.w.SpringBootMockServletContext : Initializing Spring FrameworkServlet ''
2017-04-03 11:50:26.409  INFO 3574 --- [    Test worker] o.s.t.web.servlet.TestDispatcherServlet  : FrameworkServlet '': initialization started
2017-04-03 11:50:26.420  INFO 3574 --- [    Test worker] o.s.t.web.servlet.TestDispatcherServlet  : FrameworkServlet '': initialization completed in 11 ms
2017-04-03 11:50:26.542  INFO 3574 --- [    Test worker] com.example.ControllerTest               : Started ControllerTest in 11.941 seconds (JVM running for 18.197)
]]></system-out>
  <system-err><![CDATA[]]></system-err>
</testsuite>
