<?xml version="1.0" encoding="UTF-8"?>
<testsuite name="com.example.ControllerTest" tests="11" skipped="0" failures="0" errors="0" timestamp="2017-04-03T19:11:20" hostname="trainer18s-MacBook-Pro.local" time="0.145">
  <properties/>
  <testcase name="testSed" classname="com.example.ControllerTest" time="0.086"/>
  <testcase name="testCamelizeIniCapTrue" classname="com.example.ControllerTest" time="0.008"/>
  <testcase name="testRedactOneBadWord2" classname="com.example.ControllerTest" time="0.006"/>
  <testcase name="testEncodeInvalidKey" classname="com.example.ControllerTest" time="0.005"/>
  <testcase name="testRedactTwoBadWords" classname="com.example.ControllerTest" time="0.003"/>
  <testcase name="testRedactOneBadWord" classname="com.example.ControllerTest" time="0.004"/>
  <testcase name="testEncode" classname="com.example.ControllerTest" time="0.005"/>
  <testcase name="testCamelizeIniCapX" classname="com.example.ControllerTest" time="0.009"/>
  <testcase name="testRedactNoneBadWord1" classname="com.example.ControllerTest" time="0.004"/>
  <testcase name="testCamelizeDefaultInitialCapVal" classname="com.example.ControllerTest" time="0.004"/>
  <testcase name="testCamelizeIniCapFalse" classname="com.example.ControllerTest" time="0.003"/>
  <system-out><![CDATA[13:11:08.525 [Test worker] DEBUG org.springframework.test.context.junit4.SpringJUnit4ClassRunner - SpringJUnit4ClassRunner constructor called with [class com.example.ControllerTest]
13:11:08.533 [Test worker] DEBUG org.springframework.test.context.BootstrapUtils - Instantiating CacheAwareContextLoaderDelegate from class [org.springframework.test.context.cache.DefaultCacheAwareContextLoaderDelegate]
13:11:08.547 [Test worker] DEBUG org.springframework.test.context.BootstrapUtils - Instantiating BootstrapContext using constructor [public org.springframework.test.context.support.DefaultBootstrapContext(java.lang.Class,org.springframework.test.context.CacheAwareContextLoaderDelegate)]
13:11:08.579 [Test worker] DEBUG org.springframework.test.context.BootstrapUtils - Instantiating TestContextBootstrapper for test class [com.example.ControllerTest] from class [org.springframework.boot.test.autoconfigure.web.servlet.WebMvcTestContextBootstrapper]
13:11:08.604 [Test worker] INFO org.springframework.boot.test.autoconfigure.web.servlet.WebMvcTestContextBootstrapper - Neither @ContextConfiguration nor @ContextHierarchy found for test class [com.example.ControllerTest], using SpringBootContextLoader
13:11:08.610 [Test worker] DEBUG org.springframework.test.context.support.AbstractContextLoader - Did not detect default resource location for test class [com.example.ControllerTest]: class path resource [com/example/ControllerTest-context.xml] does not exist
13:11:08.610 [Test worker] DEBUG org.springframework.test.context.support.AbstractContextLoader - Did not detect default resource location for test class [com.example.ControllerTest]: class path resource [com/example/ControllerTestContext.groovy] does not exist
13:11:08.610 [Test worker] INFO org.springframework.test.context.support.AbstractContextLoader - Could not detect default resource locations for test class [com.example.ControllerTest]: no resource found for suffixes {-context.xml, Context.groovy}.
13:11:08.611 [Test worker] INFO org.springframework.test.context.support.AnnotationConfigContextLoaderUtils - Could not detect default configuration classes for test class [com.example.ControllerTest]: ControllerTest does not declare any static, non-private, non-final, nested classes annotated with @Configuration.
13:11:08.666 [Test worker] DEBUG org.springframework.test.context.support.ActiveProfilesUtils - Could not find an 'annotation declaring class' for annotation type [org.springframework.test.context.ActiveProfiles] and class [com.example.ControllerTest]
13:11:08.723 [Test worker] DEBUG org.springframework.core.env.StandardEnvironment - Adding [systemProperties] PropertySource with lowest search precedence
13:11:08.723 [Test worker] DEBUG org.springframework.core.env.StandardEnvironment - Adding [systemEnvironment] PropertySource with lowest search precedence
13:11:08.723 [Test worker] DEBUG org.springframework.core.env.StandardEnvironment - Initialized StandardEnvironment with PropertySources [systemProperties,systemEnvironment]
13:11:08.737 [Test worker] DEBUG org.springframework.core.io.support.PathMatchingResourcePatternResolver - Resolved classpath location [com/example/] to resources [URL [file:/Users/trainer18/Documents/git/endpoints-assessment/build/classes/test/com/example/], URL [file:/Users/trainer18/Documents/git/endpoints-assessment/build/classes/main/com/example/]]
13:11:08.737 [Test worker] DEBUG org.springframework.core.io.support.PathMatchingResourcePatternResolver - Looking for matching resources in directory tree [/Users/trainer18/Documents/git/endpoints-assessment/build/classes/test/com/example]
13:11:08.738 [Test worker] DEBUG org.springframework.core.io.support.PathMatchingResourcePatternResolver - Searching directory [/Users/trainer18/Documents/git/endpoints-assessment/build/classes/test/com/example] for files matching pattern [/Users/trainer18/Documents/git/endpoints-assessment/build/classes/test/com/example/*.class]
13:11:08.740 [Test worker] DEBUG org.springframework.core.io.support.PathMatchingResourcePatternResolver - Looking for matching resources in directory tree [/Users/trainer18/Documents/git/endpoints-assessment/build/classes/main/com/example]
13:11:08.741 [Test worker] DEBUG org.springframework.core.io.support.PathMatchingResourcePatternResolver - Searching directory [/Users/trainer18/Documents/git/endpoints-assessment/build/classes/main/com/example] for files matching pattern [/Users/trainer18/Documents/git/endpoints-assessment/build/classes/main/com/example/*.class]
13:11:08.742 [Test worker] DEBUG org.springframework.core.io.support.PathMatchingResourcePatternResolver - Resolved location pattern [classpath*:com/example/*.class] to resources [file [/Users/trainer18/Documents/git/endpoints-assessment/build/classes/test/com/example/ControllerTest.class], file [/Users/trainer18/Documents/git/endpoints-assessment/build/classes/main/com/example/Application.class], file [/Users/trainer18/Documents/git/endpoints-assessment/build/classes/main/com/example/EndpointsController.class]]
13:11:08.799 [Test worker] DEBUG org.springframework.context.annotation.ClassPathScanningCandidateComponentProvider - Identified candidate component class: file [/Users/trainer18/Documents/git/endpoints-assessment/build/classes/main/com/example/Application.class]
13:11:08.812 [Test worker] INFO org.springframework.boot.test.context.SpringBootTestContextBootstrapper - Found @SpringBootConfiguration com.example.Application for test class com.example.ControllerTest
13:11:08.817 [Test worker] DEBUG org.springframework.boot.test.autoconfigure.web.servlet.WebMvcTestContextBootstrapper - @TestExecutionListeners is not present for class [com.example.ControllerTest]: using defaults.
13:11:08.821 [Test worker] INFO org.springframework.boot.test.autoconfigure.web.servlet.WebMvcTestContextBootstrapper - Loaded default TestExecutionListener class names from location [META-INF/spring.factories]: [org.springframework.boot.test.mock.mockito.MockitoTestExecutionListener, org.springframework.boot.test.mock.mockito.ResetMocksTestExecutionListener, org.springframework.boot.test.autoconfigure.restdocs.RestDocsTestExecutionListener, org.springframework.boot.test.autoconfigure.web.client.MockRestServiceServerResetTestExecutionListener, org.springframework.boot.test.autoconfigure.web.servlet.MockMvcPrintOnlyOnFailureTestExecutionListener, org.springframework.boot.test.autoconfigure.web.servlet.WebDriverTestExecutionListener, org.springframework.test.context.web.ServletTestExecutionListener, org.springframework.test.context.support.DirtiesContextBeforeModesTestExecutionListener, org.springframework.test.context.support.DependencyInjectionTestExecutionListener, org.springframework.test.context.support.DirtiesContextTestExecutionListener, org.springframework.test.context.transaction.TransactionalTestExecutionListener, org.springframework.test.context.jdbc.SqlScriptsTestExecutionListener]
13:11:08.834 [Test worker] INFO org.springframework.boot.test.autoconfigure.web.servlet.WebMvcTestContextBootstrapper - Could not instantiate TestExecutionListener [org.springframework.test.context.transaction.TransactionalTestExecutionListener]. Specify custom listener classes or make the default listener classes (and their required dependencies) available. Offending class: [org/springframework/transaction/interceptor/TransactionAttributeSource]
13:11:08.837 [Test worker] INFO org.springframework.boot.test.autoconfigure.web.servlet.WebMvcTestContextBootstrapper - Could not instantiate TestExecutionListener [org.springframework.test.context.jdbc.SqlScriptsTestExecutionListener]. Specify custom listener classes or make the default listener classes (and their required dependencies) available. Offending class: [org/springframework/transaction/interceptor/TransactionAttribute]
13:11:08.838 [Test worker] INFO org.springframework.boot.test.autoconfigure.web.servlet.WebMvcTestContextBootstrapper - Using TestExecutionListeners: [org.springframework.test.context.web.ServletTestExecutionListener@2ee5834a, org.springframework.test.context.support.DirtiesContextBeforeModesTestExecutionListener@4dfacf6b, org.springframework.boot.test.autoconfigure.SpringBootDependencyInjectionTestExecutionListener@1f08212e, org.springframework.test.context.support.DirtiesContextTestExecutionListener@31e07dab, org.springframework.boot.test.autoconfigure.restdocs.RestDocsTestExecutionListener@331d470e, org.springframework.boot.test.autoconfigure.web.servlet.WebDriverTestExecutionListener@28074791, org.springframework.boot.test.autoconfigure.web.client.MockRestServiceServerResetTestExecutionListener@765812ee, org.springframework.boot.test.mock.mockito.ResetMocksTestExecutionListener@44e734ab, org.springframework.boot.test.autoconfigure.web.servlet.MockMvcPrintOnlyOnFailureTestExecutionListener@1d9b3e0e, org.springframework.boot.test.mock.mockito.MockitoTestExecutionListener@fb2d9e3]
13:11:08.847 [Test worker] DEBUG org.springframework.test.annotation.ProfileValueUtils - Retrieved @ProfileValueSourceConfiguration [null] for test class [com.example.ControllerTest]
13:11:08.848 [Test worker] DEBUG org.springframework.test.annotation.ProfileValueUtils - Retrieved ProfileValueSource type [class org.springframework.test.annotation.SystemProfileValueSource] for class [com.example.ControllerTest]
13:11:08.849 [Test worker] DEBUG org.springframework.test.annotation.ProfileValueUtils - Retrieved @ProfileValueSourceConfiguration [null] for test class [com.example.ControllerTest]
13:11:08.849 [Test worker] DEBUG org.springframework.test.annotation.ProfileValueUtils - Retrieved ProfileValueSource type [class org.springframework.test.annotation.SystemProfileValueSource] for class [com.example.ControllerTest]
13:11:08.856 [Test worker] DEBUG org.springframework.test.context.support.AbstractDirtiesContextTestExecutionListener - Before test class: context [DefaultTestContext@1d109d07 testClass = ControllerTest, testInstance = [null], testMethod = [null], testException = [null], mergedContextConfiguration = [WebMergedContextConfiguration@647c1616 testClass = ControllerTest, locations = '{}', classes = '{class com.example.Application}', contextInitializerClasses = '[]', activeProfiles = '{}', propertySourceLocations = '{}', propertySourceProperties = '{org.springframework.boot.test.autoconfigure.web.servlet.WebMvcTestContextBootstrapper=true}', contextCustomizers = set[org.springframework.boot.test.context.ImportsContextCustomizer@4be68850, org.springframework.boot.test.context.filter.ExcludeFilterContextCustomizer@5e6e2237, org.springframework.boot.test.mock.mockito.MockitoContextCustomizer@0, org.springframework.boot.test.autoconfigure.OverrideAutoConfigurationContextCustomizerFactory$DisableAutoConfigurationContextCustomizer@4025b40e, org.springframework.boot.test.autoconfigure.filter.TypeExcludeFiltersContextCustomizer@5bf66421, org.springframework.boot.test.autoconfigure.properties.PropertyMappingContextCustomizer@8ef3e9ec, org.springframework.boot.test.autoconfigure.web.servlet.WebDriverContextCustomizerFactory$Customizer@492e6a2d], resourceBasePath = '', contextLoader = 'org.springframework.boot.test.context.SpringBootContextLoader', parent = [null]]], class annotated with @DirtiesContext [false] with mode [null].
13:11:08.857 [Test worker] DEBUG org.springframework.test.annotation.ProfileValueUtils - Retrieved @ProfileValueSourceConfiguration [null] for test class [com.example.ControllerTest]
13:11:08.857 [Test worker] DEBUG org.springframework.test.annotation.ProfileValueUtils - Retrieved ProfileValueSource type [class org.springframework.test.annotation.SystemProfileValueSource] for class [com.example.ControllerTest]
13:11:08.858 [Test worker] DEBUG org.springframework.test.context.support.DependencyInjectionTestExecutionListener - Performing dependency injection for test context [[DefaultTestContext@1d109d07 testClass = ControllerTest, testInstance = com.example.ControllerTest@5faacd19, testMethod = [null], testException = [null], mergedContextConfiguration = [WebMergedContextConfiguration@647c1616 testClass = ControllerTest, locations = '{}', classes = '{class com.example.Application}', contextInitializerClasses = '[]', activeProfiles = '{}', propertySourceLocations = '{}', propertySourceProperties = '{org.springframework.boot.test.autoconfigure.web.servlet.WebMvcTestContextBootstrapper=true}', contextCustomizers = set[org.springframework.boot.test.context.ImportsContextCustomizer@4be68850, org.springframework.boot.test.context.filter.ExcludeFilterContextCustomizer@5e6e2237, org.springframework.boot.test.mock.mockito.MockitoContextCustomizer@0, org.springframework.boot.test.autoconfigure.OverrideAutoConfigurationContextCustomizerFactory$DisableAutoConfigurationContextCustomizer@4025b40e, org.springframework.boot.test.autoconfigure.filter.TypeExcludeFiltersContextCustomizer@5bf66421, org.springframework.boot.test.autoconfigure.properties.PropertyMappingContextCustomizer@8ef3e9ec, org.springframework.boot.test.autoconfigure.web.servlet.WebDriverContextCustomizerFactory$Customizer@492e6a2d], resourceBasePath = '', contextLoader = 'org.springframework.boot.test.context.SpringBootContextLoader', parent = [null]]]].
13:11:08.889 [Test worker] DEBUG org.springframework.core.env.StandardEnvironment - Adding [systemProperties] PropertySource with lowest search precedence
13:11:08.890 [Test worker] DEBUG org.springframework.core.env.StandardEnvironment - Adding [systemEnvironment] PropertySource with lowest search precedence
13:11:08.890 [Test worker] DEBUG org.springframework.core.env.StandardEnvironment - Initialized StandardEnvironment with PropertySources [systemProperties,systemEnvironment]
13:11:08.892 [Test worker] DEBUG org.springframework.test.context.support.TestPropertySourceUtils - Adding inlined properties to environment: {spring.jmx.enabled=false, org.springframework.boot.test.autoconfigure.web.servlet.WebMvcTestContextBootstrapper=true, server.port=-1}
13:11:08.892 [Test worker] DEBUG org.springframework.core.env.StandardEnvironment - Adding [Inlined Test Properties] PropertySource with highest search precedence

  .   ____          _            __ _ _
 /\\ / ___'_ __ _ _(_)_ __  __ _ \ \ \ \
( ( )\___ | '_ | '_| | '_ \/ _` | \ \ \ \
 \\/  ___)| |_)| | | | | || (_| |  ) ) ) )
  '  |____| .__|_| |_|_| |_\__, | / / / /
 =========|_|==============|___/=/_/_/_/
 :: Spring Boot ::        (v1.4.2.RELEASE)

2017-04-03 13:11:19.502  INFO 5724 --- [    Test worker] com.example.ControllerTest               : Starting ControllerTest on trainer18s-MacBook-Pro.local with PID 5724 (started by trainer18 in /Users/trainer18/Documents/git/endpoints-assessment)
2017-04-03 13:11:19.504  INFO 5724 --- [    Test worker] com.example.ControllerTest               : No active profile set, falling back to default profiles: default
2017-04-03 13:11:19.528  INFO 5724 --- [    Test worker] o.s.w.c.s.GenericWebApplicationContext   : Refreshing org.springframework.web.context.support.GenericWebApplicationContext@50d83f17: startup date [Mon Apr 03 13:11:19 MDT 2017]; root of context hierarchy
2017-04-03 13:11:20.506  INFO 5724 --- [    Test worker] s.w.s.m.m.a.RequestMappingHandlerAdapter : Looking for @ControllerAdvice: org.springframework.web.context.support.GenericWebApplicationContext@50d83f17: startup date [Mon Apr 03 13:11:19 MDT 2017]; root of context hierarchy
2017-04-03 13:11:20.587  INFO 5724 --- [    Test worker] s.w.s.m.m.a.RequestMappingHandlerMapping : Mapped "{[/encode],methods=[POST],consumes=[application/x-www-form-urlencoded]}" onto public java.lang.String com.example.EndpointsController.encode(com.example.model.Encode)
2017-04-03 13:11:20.588  INFO 5724 --- [    Test worker] s.w.s.m.m.a.RequestMappingHandlerMapping : Mapped "{[/s/{find}/{replace}],methods=[POST]}" onto public java.lang.String com.example.EndpointsController.sed(java.lang.String,java.lang.String,java.lang.String)
2017-04-03 13:11:20.588  INFO 5724 --- [    Test worker] s.w.s.m.m.a.RequestMappingHandlerMapping : Mapped "{[/camelize],methods=[GET]}" onto public java.lang.String com.example.EndpointsController.camelize(com.example.model.Camelize)
2017-04-03 13:11:20.589  INFO 5724 --- [    Test worker] s.w.s.m.m.a.RequestMappingHandlerMapping : Mapped "{[/redact],methods=[GET]}" onto public java.lang.String com.example.EndpointsController.redact(org.springframework.util.MultiValueMap<java.lang.String, java.lang.String>)
2017-04-03 13:11:20.614  INFO 5724 --- [    Test worker] o.s.w.s.handler.SimpleUrlHandlerMapping  : Mapped URL path [/webjars/**] onto handler of type [class org.springframework.web.servlet.resource.ResourceHttpRequestHandler]
2017-04-03 13:11:20.614  INFO 5724 --- [    Test worker] o.s.w.s.handler.SimpleUrlHandlerMapping  : Mapped URL path [/**] onto handler of type [class org.springframework.web.servlet.resource.ResourceHttpRequestHandler]
2017-04-03 13:11:20.648  INFO 5724 --- [    Test worker] o.s.w.s.handler.SimpleUrlHandlerMapping  : Mapped URL path [/**/favicon.ico] onto handler of type [class org.springframework.web.servlet.resource.ResourceHttpRequestHandler]
2017-04-03 13:11:20.755  INFO 5724 --- [    Test worker] o.s.b.t.m.w.SpringBootMockServletContext : Initializing Spring FrameworkServlet ''
2017-04-03 13:11:20.755  INFO 5724 --- [    Test worker] o.s.t.web.servlet.TestDispatcherServlet  : FrameworkServlet '': initialization started
2017-04-03 13:11:20.766  INFO 5724 --- [    Test worker] o.s.t.web.servlet.TestDispatcherServlet  : FrameworkServlet '': initialization completed in 11 ms
2017-04-03 13:11:20.879  INFO 5724 --- [    Test worker] com.example.ControllerTest               : Started ControllerTest in 11.973 seconds (JVM running for 18.286)
]]></system-out>
  <system-err><![CDATA[]]></system-err>
</testsuite>
